{"C:\\developer\\beadal_minjok_api\\src\\controllers\\users.controller.js": {"path":"C:\\developer\\beadal_minjok_api\\src\\controllers\\users.controller.js","statementMap":{"0":{"start":{"line":5,"column":8},"end":{"line":5,"column":41}},"1":{"start":{"line":9,"column":15},"end":{"line":33,"column":5}},"2":{"start":{"line":10,"column":8},"end":{"line":32,"column":9}},"3":{"start":{"line":11,"column":30},"end":{"line":11,"column":38}},"4":{"start":{"line":13,"column":12},"end":{"line":15,"column":13}},"5":{"start":{"line":14,"column":16},"end":{"line":14,"column":79}},"6":{"start":{"line":17,"column":34},"end":{"line":17,"column":74}},"7":{"start":{"line":19,"column":12},"end":{"line":26,"column":15}},"8":{"start":{"line":20,"column":16},"end":{"line":25,"column":17}},"9":{"start":{"line":21,"column":20},"end":{"line":21,"column":42}},"10":{"start":{"line":22,"column":20},"end":{"line":22,"column":85}},"11":{"start":{"line":24,"column":20},"end":{"line":24,"column":42}},"12":{"start":{"line":28,"column":12},"end":{"line":28,"column":82}},"13":{"start":{"line":29,"column":12},"end":{"line":29,"column":79}},"14":{"start":{"line":31,"column":12},"end":{"line":31,"column":22}},"15":{"start":{"line":36,"column":16},"end":{"line":55,"column":5}},"16":{"start":{"line":37,"column":8},"end":{"line":54,"column":9}},"17":{"start":{"line":38,"column":33},"end":{"line":38,"column":41}},"18":{"start":{"line":40,"column":12},"end":{"line":42,"column":13}},"19":{"start":{"line":41,"column":16},"end":{"line":41,"column":78}},"20":{"start":{"line":44,"column":12},"end":{"line":46,"column":13}},"21":{"start":{"line":45,"column":16},"end":{"line":45,"column":93}},"22":{"start":{"line":48,"column":12},"end":{"line":48,"column":40}},"23":{"start":{"line":49,"column":12},"end":{"line":49,"column":46}},"24":{"start":{"line":51,"column":12},"end":{"line":51,"column":80}},"25":{"start":{"line":53,"column":12},"end":{"line":53,"column":22}},"26":{"start":{"line":58,"column":13},"end":{"line":91,"column":5}},"27":{"start":{"line":59,"column":8},"end":{"line":90,"column":9}},"28":{"start":{"line":60,"column":80},"end":{"line":60,"column":88}},"29":{"start":{"line":62,"column":12},"end":{"line":64,"column":13}},"30":{"start":{"line":63,"column":16},"end":{"line":63,"column":93}},"31":{"start":{"line":66,"column":12},"end":{"line":70,"column":13}},"32":{"start":{"line":67,"column":16},"end":{"line":69,"column":19}},"33":{"start":{"line":72,"column":12},"end":{"line":76,"column":13}},"34":{"start":{"line":73,"column":16},"end":{"line":75,"column":19}},"35":{"start":{"line":78,"column":12},"end":{"line":82,"column":13}},"36":{"start":{"line":79,"column":16},"end":{"line":81,"column":19}},"37":{"start":{"line":84,"column":12},"end":{"line":84,"column":34}},"38":{"start":{"line":85,"column":25},"end":{"line":85,"column":101}},"39":{"start":{"line":86,"column":12},"end":{"line":86,"column":43}},"40":{"start":{"line":87,"column":12},"end":{"line":87,"column":94}},"41":{"start":{"line":89,"column":12},"end":{"line":89,"column":22}},"42":{"start":{"line":94,"column":13},"end":{"line":122,"column":5}},"43":{"start":{"line":95,"column":8},"end":{"line":121,"column":9}},"44":{"start":{"line":96,"column":40},"end":{"line":96,"column":48}},"45":{"start":{"line":98,"column":12},"end":{"line":100,"column":13}},"46":{"start":{"line":99,"column":16},"end":{"line":99,"column":81}},"47":{"start":{"line":102,"column":25},"end":{"line":102,"column":76}},"48":{"start":{"line":103,"column":12},"end":{"line":103,"column":56}},"49":{"start":{"line":104,"column":12},"end":{"line":104,"column":58}},"50":{"start":{"line":106,"column":12},"end":{"line":118,"column":13}},"51":{"start":{"line":107,"column":16},"end":{"line":111,"column":19}},"52":{"start":{"line":112,"column":19},"end":{"line":118,"column":13}},"53":{"start":{"line":113,"column":16},"end":{"line":117,"column":19}},"54":{"start":{"line":120,"column":12},"end":{"line":120,"column":22}},"55":{"start":{"line":125,"column":14},"end":{"line":137,"column":5}},"56":{"start":{"line":126,"column":8},"end":{"line":136,"column":9}},"57":{"start":{"line":127,"column":27},"end":{"line":127,"column":35}},"58":{"start":{"line":129,"column":12},"end":{"line":129,"column":52}},"59":{"start":{"line":131,"column":12},"end":{"line":131,"column":43}},"60":{"start":{"line":132,"column":12},"end":{"line":132,"column":44}},"61":{"start":{"line":133,"column":12},"end":{"line":133,"column":84}},"62":{"start":{"line":135,"column":12},"end":{"line":135,"column":22}},"63":{"start":{"line":140,"column":13},"end":{"line":153,"column":5}},"64":{"start":{"line":141,"column":8},"end":{"line":152,"column":9}},"65":{"start":{"line":142,"column":27},"end":{"line":142,"column":35}},"66":{"start":{"line":144,"column":25},"end":{"line":144,"column":64}},"67":{"start":{"line":146,"column":12},"end":{"line":149,"column":15}},"68":{"start":{"line":151,"column":12},"end":{"line":151,"column":22}}},"fnMap":{"0":{"name":"(anonymous_0)","decl":{"start":{"line":4,"column":4},"end":{"line":4,"column":5}},"loc":{"start":{"line":4,"column":30},"end":{"line":6,"column":5}},"line":4},"1":{"name":"(anonymous_1)","decl":{"start":{"line":9,"column":15},"end":{"line":9,"column":16}},"loc":{"start":{"line":9,"column":41},"end":{"line":33,"column":5}},"line":9},"2":{"name":"(anonymous_2)","decl":{"start":{"line":19,"column":62},"end":{"line":19,"column":63}},"loc":{"start":{"line":19,"column":81},"end":{"line":26,"column":13}},"line":19},"3":{"name":"(anonymous_3)","decl":{"start":{"line":36,"column":16},"end":{"line":36,"column":17}},"loc":{"start":{"line":36,"column":42},"end":{"line":55,"column":5}},"line":36},"4":{"name":"(anonymous_4)","decl":{"start":{"line":58,"column":13},"end":{"line":58,"column":14}},"loc":{"start":{"line":58,"column":39},"end":{"line":91,"column":5}},"line":58},"5":{"name":"(anonymous_5)","decl":{"start":{"line":94,"column":13},"end":{"line":94,"column":14}},"loc":{"start":{"line":94,"column":39},"end":{"line":122,"column":5}},"line":94},"6":{"name":"(anonymous_6)","decl":{"start":{"line":125,"column":14},"end":{"line":125,"column":15}},"loc":{"start":{"line":125,"column":40},"end":{"line":137,"column":5}},"line":125},"7":{"name":"(anonymous_7)","decl":{"start":{"line":140,"column":13},"end":{"line":140,"column":14}},"loc":{"start":{"line":140,"column":39},"end":{"line":153,"column":5}},"line":140}},"branchMap":{"0":{"loc":{"start":{"line":13,"column":12},"end":{"line":15,"column":13}},"type":"if","locations":[{"start":{"line":13,"column":12},"end":{"line":15,"column":13}},{"start":{},"end":{}}],"line":13},"1":{"loc":{"start":{"line":20,"column":16},"end":{"line":25,"column":17}},"type":"if","locations":[{"start":{"line":20,"column":16},"end":{"line":25,"column":17}},{"start":{"line":23,"column":23},"end":{"line":25,"column":17}}],"line":20},"2":{"loc":{"start":{"line":40,"column":12},"end":{"line":42,"column":13}},"type":"if","locations":[{"start":{"line":40,"column":12},"end":{"line":42,"column":13}},{"start":{},"end":{}}],"line":40},"3":{"loc":{"start":{"line":44,"column":12},"end":{"line":46,"column":13}},"type":"if","locations":[{"start":{"line":44,"column":12},"end":{"line":46,"column":13}},{"start":{},"end":{}}],"line":44},"4":{"loc":{"start":{"line":62,"column":12},"end":{"line":64,"column":13}},"type":"if","locations":[{"start":{"line":62,"column":12},"end":{"line":64,"column":13}},{"start":{},"end":{}}],"line":62},"5":{"loc":{"start":{"line":66,"column":12},"end":{"line":70,"column":13}},"type":"if","locations":[{"start":{"line":66,"column":12},"end":{"line":70,"column":13}},{"start":{},"end":{}}],"line":66},"6":{"loc":{"start":{"line":66,"column":16},"end":{"line":66,"column":87}},"type":"binary-expr","locations":[{"start":{"line":66,"column":16},"end":{"line":66,"column":22}},{"start":{"line":66,"column":26},"end":{"line":66,"column":35}},{"start":{"line":66,"column":39},"end":{"line":66,"column":48}},{"start":{"line":66,"column":52},"end":{"line":66,"column":66}},{"start":{"line":66,"column":70},"end":{"line":66,"column":78}},{"start":{"line":66,"column":82},"end":{"line":66,"column":87}}],"line":66},"7":{"loc":{"start":{"line":72,"column":12},"end":{"line":76,"column":13}},"type":"if","locations":[{"start":{"line":72,"column":12},"end":{"line":76,"column":13}},{"start":{},"end":{}}],"line":72},"8":{"loc":{"start":{"line":72,"column":16},"end":{"line":72,"column":65}},"type":"binary-expr","locations":[{"start":{"line":72,"column":16},"end":{"line":72,"column":42}},{"start":{"line":72,"column":46},"end":{"line":72,"column":65}}],"line":72},"9":{"loc":{"start":{"line":78,"column":12},"end":{"line":82,"column":13}},"type":"if","locations":[{"start":{"line":78,"column":12},"end":{"line":82,"column":13}},{"start":{},"end":{}}],"line":78},"10":{"loc":{"start":{"line":78,"column":18},"end":{"line":78,"column":54}},"type":"binary-expr","locations":[{"start":{"line":78,"column":18},"end":{"line":78,"column":34}},{"start":{"line":78,"column":38},"end":{"line":78,"column":54}}],"line":78},"11":{"loc":{"start":{"line":98,"column":12},"end":{"line":100,"column":13}},"type":"if","locations":[{"start":{"line":98,"column":12},"end":{"line":100,"column":13}},{"start":{},"end":{}}],"line":98},"12":{"loc":{"start":{"line":98,"column":16},"end":{"line":98,"column":35}},"type":"binary-expr","locations":[{"start":{"line":98,"column":16},"end":{"line":98,"column":22}},{"start":{"line":98,"column":26},"end":{"line":98,"column":35}}],"line":98},"13":{"loc":{"start":{"line":106,"column":12},"end":{"line":118,"column":13}},"type":"if","locations":[{"start":{"line":106,"column":12},"end":{"line":118,"column":13}},{"start":{"line":112,"column":19},"end":{"line":118,"column":13}}],"line":106},"14":{"loc":{"start":{"line":112,"column":19},"end":{"line":118,"column":13}},"type":"if","locations":[{"start":{"line":112,"column":19},"end":{"line":118,"column":13}},{"start":{},"end":{}}],"line":112}},"s":{"0":1,"1":1,"2":3,"3":3,"4":3,"5":1,"6":2,"7":2,"8":2,"9":1,"10":1,"11":1,"12":2,"13":2,"14":0,"15":1,"16":3,"17":3,"18":3,"19":1,"20":2,"21":1,"22":1,"23":1,"24":1,"25":0,"26":1,"27":5,"28":5,"29":5,"30":1,"31":4,"32":1,"33":3,"34":1,"35":2,"36":1,"37":1,"38":1,"39":1,"40":1,"41":0,"42":1,"43":0,"44":0,"45":0,"46":0,"47":0,"48":0,"49":0,"50":0,"51":0,"52":0,"53":0,"54":0,"55":1,"56":0,"57":0,"58":0,"59":0,"60":0,"61":0,"62":0,"63":1,"64":0,"65":0,"66":0,"67":0,"68":0},"f":{"0":1,"1":3,"2":2,"3":3,"4":5,"5":0,"6":0,"7":0},"b":{"0":[1,2],"1":[1,1],"2":[1,2],"3":[1,1],"4":[1,4],"5":[1,3],"6":[4,4,3,3,3,3],"7":[1,2],"8":[3,2],"9":[1,1],"10":[2,1],"11":[0,0],"12":[0,0],"13":[0,0],"14":[0,0]},"_coverageSchema":"1a1c01bbd47fc00a2c39e90264f33305004495a9","hash":"d0f2f009142ce0fa767dce5952ffea385300121d"}
,"C:\\developer\\beadal_minjok_api\\src\\middlewares\\auth\\auth.middleware.controller.js": {"path":"C:\\developer\\beadal_minjok_api\\src\\middlewares\\auth\\auth.middleware.controller.js","statementMap":{"0":{"start":{"line":5,"column":8},"end":{"line":5,"column":39}},"1":{"start":{"line":8,"column":21},"end":{"line":39,"column":5}},"2":{"start":{"line":9,"column":8},"end":{"line":38,"column":9}},"3":{"start":{"line":11,"column":48},"end":{"line":11,"column":59}},"4":{"start":{"line":14,"column":12},"end":{"line":16,"column":13}},"5":{"start":{"line":15,"column":16},"end":{"line":15,"column":55}},"6":{"start":{"line":19,"column":29},"end":{"line":19,"column":88}},"7":{"start":{"line":22,"column":12},"end":{"line":26,"column":13}},"8":{"start":{"line":23,"column":16},"end":{"line":23,"column":48}},"9":{"start":{"line":24,"column":16},"end":{"line":24,"column":47}},"10":{"start":{"line":25,"column":16},"end":{"line":25,"column":59}},"11":{"start":{"line":30,"column":12},"end":{"line":30,"column":60}},"12":{"start":{"line":31,"column":12},"end":{"line":31,"column":41}},"13":{"start":{"line":33,"column":12},"end":{"line":33,"column":19}},"14":{"start":{"line":35,"column":12},"end":{"line":35,"column":44}},"15":{"start":{"line":36,"column":12},"end":{"line":36,"column":43}},"16":{"start":{"line":37,"column":12},"end":{"line":37,"column":22}}},"fnMap":{"0":{"name":"(anonymous_0)","decl":{"start":{"line":4,"column":4},"end":{"line":4,"column":5}},"loc":{"start":{"line":4,"column":29},"end":{"line":6,"column":5}},"line":4},"1":{"name":"(anonymous_1)","decl":{"start":{"line":8,"column":21},"end":{"line":8,"column":22}},"loc":{"start":{"line":8,"column":47},"end":{"line":39,"column":5}},"line":8}},"branchMap":{"0":{"loc":{"start":{"line":14,"column":12},"end":{"line":16,"column":13}},"type":"if","locations":[{"start":{"line":14,"column":12},"end":{"line":16,"column":13}},{"start":{},"end":{}}],"line":14},"1":{"loc":{"start":{"line":22,"column":12},"end":{"line":26,"column":13}},"type":"if","locations":[{"start":{"line":22,"column":12},"end":{"line":26,"column":13}},{"start":{},"end":{}}],"line":22}},"s":{"0":1,"1":1,"2":3,"3":3,"4":3,"5":1,"6":2,"7":2,"8":1,"9":1,"10":1,"11":1,"12":1,"13":1,"14":2,"15":2,"16":2},"f":{"0":1,"1":3},"b":{"0":[1,2],"1":[1,1]},"_coverageSchema":"1a1c01bbd47fc00a2c39e90264f33305004495a9","hash":"bb6177efa0835a4359d0bd3a0da80e717618172d"}
,"C:\\developer\\beadal_minjok_api\\src\\middlewares\\auth\\auth.middleware.service.js": {"path":"C:\\developer\\beadal_minjok_api\\src\\middlewares\\auth\\auth.middleware.service.js","statementMap":{"0":{"start":{"line":6,"column":8},"end":{"line":6,"column":47}},"1":{"start":{"line":9,"column":16},"end":{"line":38,"column":5}},"2":{"start":{"line":10,"column":26},"end":{"line":10,"column":37}},"3":{"start":{"line":11,"column":24},"end":{"line":11,"column":54}},"4":{"start":{"line":13,"column":29},"end":{"line":13,"column":74}},"5":{"start":{"line":16,"column":8},"end":{"line":29,"column":9}},"6":{"start":{"line":17,"column":33},"end":{"line":17,"column":80}},"7":{"start":{"line":18,"column":26},"end":{"line":18,"column":44}},"8":{"start":{"line":19,"column":25},"end":{"line":19,"column":70}},"9":{"start":{"line":20,"column":12},"end":{"line":26,"column":14}},"10":{"start":{"line":28,"column":12},"end":{"line":28,"column":50}},"11":{"start":{"line":31,"column":23},"end":{"line":31,"column":46}},"12":{"start":{"line":32,"column":29},"end":{"line":32,"column":75}},"13":{"start":{"line":33,"column":19},"end":{"line":33,"column":34}},"14":{"start":{"line":34,"column":8},"end":{"line":34,"column":24}},"15":{"start":{"line":35,"column":25},"end":{"line":35,"column":64}},"16":{"start":{"line":37,"column":8},"end":{"line":37,"column":41}},"17":{"start":{"line":42,"column":31},"end":{"line":42,"column":51}},"18":{"start":{"line":43,"column":4},"end":{"line":44,"column":22}},"19":{"start":{"line":43,"column":32},"end":{"line":43,"column":74}},"20":{"start":{"line":44,"column":9},"end":{"line":44,"column":22}}},"fnMap":{"0":{"name":"(anonymous_0)","decl":{"start":{"line":5,"column":4},"end":{"line":5,"column":5}},"loc":{"start":{"line":5,"column":33},"end":{"line":7,"column":5}},"line":5},"1":{"name":"(anonymous_1)","decl":{"start":{"line":9,"column":16},"end":{"line":9,"column":17}},"loc":{"start":{"line":9,"column":53},"end":{"line":38,"column":5}},"line":9},"2":{"name":"tokenCheck","decl":{"start":{"line":41,"column":9},"end":{"line":41,"column":19}},"loc":{"start":{"line":41,"column":31},"end":{"line":45,"column":1}},"line":41}},"branchMap":{"0":{"loc":{"start":{"line":16,"column":8},"end":{"line":29,"column":9}},"type":"if","locations":[{"start":{"line":16,"column":8},"end":{"line":29,"column":9}},{"start":{},"end":{}}],"line":16},"1":{"loc":{"start":{"line":16,"column":12},"end":{"line":16,"column":40}},"type":"binary-expr","locations":[{"start":{"line":16,"column":12},"end":{"line":16,"column":24}},{"start":{"line":16,"column":28},"end":{"line":16,"column":40}}],"line":16},"2":{"loc":{"start":{"line":43,"column":4},"end":{"line":44,"column":22}},"type":"if","locations":[{"start":{"line":43,"column":4},"end":{"line":44,"column":22}},{"start":{"line":44,"column":9},"end":{"line":44,"column":22}}],"line":43}},"s":{"0":1,"1":1,"2":3,"3":3,"4":2,"5":2,"6":1,"7":1,"8":1,"9":1,"10":1,"11":2,"12":2,"13":2,"14":2,"15":2,"16":2,"17":5,"18":5,"19":1,"20":4},"f":{"0":1,"1":3,"2":5},"b":{"0":[1,1],"1":[2,2],"2":[1,4]},"_coverageSchema":"1a1c01bbd47fc00a2c39e90264f33305004495a9","hash":"666c2f6b80d4310f1f02e0fb291efc1b988ec089"}
,"C:\\developer\\beadal_minjok_api\\src\\utils\\err\\err.js": {"path":"C:\\developer\\beadal_minjok_api\\src\\utils\\err\\err.js","statementMap":{"0":{"start":{"line":3,"column":8},"end":{"line":3,"column":23}},"1":{"start":{"line":4,"column":8},"end":{"line":4,"column":46}},"2":{"start":{"line":10,"column":8},"end":{"line":10,"column":23}},"3":{"start":{"line":11,"column":8},"end":{"line":11,"column":36}},"4":{"start":{"line":17,"column":8},"end":{"line":17,"column":23}},"5":{"start":{"line":18,"column":8},"end":{"line":18,"column":41}},"6":{"start":{"line":24,"column":8},"end":{"line":24,"column":23}},"7":{"start":{"line":25,"column":8},"end":{"line":25,"column":33}}},"fnMap":{"0":{"name":"(anonymous_0)","decl":{"start":{"line":2,"column":4},"end":{"line":2,"column":5}},"loc":{"start":{"line":2,"column":25},"end":{"line":5,"column":5}},"line":2},"1":{"name":"(anonymous_1)","decl":{"start":{"line":9,"column":4},"end":{"line":9,"column":5}},"loc":{"start":{"line":9,"column":25},"end":{"line":12,"column":5}},"line":9},"2":{"name":"(anonymous_2)","decl":{"start":{"line":16,"column":4},"end":{"line":16,"column":5}},"loc":{"start":{"line":16,"column":25},"end":{"line":19,"column":5}},"line":16},"3":{"name":"(anonymous_3)","decl":{"start":{"line":23,"column":4},"end":{"line":23,"column":5}},"loc":{"start":{"line":23,"column":25},"end":{"line":26,"column":5}},"line":23}},"branchMap":{},"s":{"0":0,"1":0,"2":0,"3":0,"4":0,"5":0,"6":5,"7":5},"f":{"0":0,"1":0,"2":0,"3":5},"b":{},"_coverageSchema":"1a1c01bbd47fc00a2c39e90264f33305004495a9","hash":"5de25b19b06815c473362e3168be191dc351c862"}
,"C:\\developer\\beadal_minjok_api\\src\\utils\\nodemailer\\email.js": {"path":"C:\\developer\\beadal_minjok_api\\src\\utils\\nodemailer\\email.js","statementMap":{"0":{"start":{"line":3,"column":0},"end":{"line":3,"column":16}},"1":{"start":{"line":25,"column":29},"end":{"line":35,"column":2}}},"fnMap":{},"branchMap":{},"s":{"0":1,"1":1},"f":{},"b":{},"_coverageSchema":"1a1c01bbd47fc00a2c39e90264f33305004495a9","hash":"33c2c96ca64e2e536fcdf652e3dcc34715358e91"}
}
