{"C:\\Users\\박세연\\OneDrive\\바탕 화면\\Baedal-Minjok\\src\\repositories\\menus.repository.js": {"path":"C:\\Users\\박세연\\OneDrive\\바탕 화면\\Baedal-Minjok\\src\\repositories\\menus.repository.js","statementMap":{"0":{"start":{"line":3,"column":8},"end":{"line":3,"column":29}},"1":{"start":{"line":6,"column":17},"end":{"line":17,"column":5}},"2":{"start":{"line":7,"column":21},"end":{"line":15,"column":10}},"3":{"start":{"line":16,"column":8},"end":{"line":16,"column":20}},"4":{"start":{"line":19,"column":21},"end":{"line":26,"column":5}},"5":{"start":{"line":20,"column":21},"end":{"line":24,"column":10}},"6":{"start":{"line":25,"column":8},"end":{"line":25,"column":20}},"7":{"start":{"line":28,"column":30},"end":{"line":43,"column":5}},"8":{"start":{"line":29,"column":22},"end":{"line":40,"column":10}},"9":{"start":{"line":42,"column":8},"end":{"line":42,"column":21}},"10":{"start":{"line":45,"column":20},"end":{"line":61,"column":5}},"11":{"start":{"line":46,"column":21},"end":{"line":59,"column":10}},"12":{"start":{"line":60,"column":8},"end":{"line":60,"column":20}},"13":{"start":{"line":63,"column":17},"end":{"line":76,"column":5}},"14":{"start":{"line":65,"column":28},"end":{"line":73,"column":10}},"15":{"start":{"line":75,"column":8},"end":{"line":75,"column":27}},"16":{"start":{"line":78,"column":17},"end":{"line":87,"column":5}},"17":{"start":{"line":79,"column":28},"end":{"line":84,"column":10}},"18":{"start":{"line":86,"column":8},"end":{"line":86,"column":27}}},"fnMap":{"0":{"name":"(anonymous_0)","decl":{"start":{"line":2,"column":4},"end":{"line":2,"column":5}},"loc":{"start":{"line":2,"column":24},"end":{"line":4,"column":5}},"line":2},"1":{"name":"(anonymous_1)","decl":{"start":{"line":6,"column":17},"end":{"line":6,"column":18}},"loc":{"start":{"line":6,"column":71},"end":{"line":17,"column":5}},"line":6},"2":{"name":"(anonymous_2)","decl":{"start":{"line":19,"column":21},"end":{"line":19,"column":22}},"loc":{"start":{"line":19,"column":34},"end":{"line":26,"column":5}},"line":19},"3":{"name":"(anonymous_3)","decl":{"start":{"line":28,"column":30},"end":{"line":28,"column":31}},"loc":{"start":{"line":28,"column":54},"end":{"line":43,"column":5}},"line":28},"4":{"name":"(anonymous_4)","decl":{"start":{"line":45,"column":20},"end":{"line":45,"column":21}},"loc":{"start":{"line":45,"column":52},"end":{"line":61,"column":5}},"line":45},"5":{"name":"(anonymous_5)","decl":{"start":{"line":63,"column":17},"end":{"line":63,"column":18}},"loc":{"start":{"line":63,"column":62},"end":{"line":76,"column":5}},"line":63},"6":{"name":"(anonymous_6)","decl":{"start":{"line":78,"column":17},"end":{"line":78,"column":18}},"loc":{"start":{"line":78,"column":49},"end":{"line":87,"column":5}},"line":78}},"branchMap":{},"s":{"0":1,"1":1,"2":1,"3":1,"4":1,"5":0,"6":0,"7":1,"8":1,"9":1,"10":1,"11":2,"12":2,"13":1,"14":1,"15":1,"16":1,"17":1,"18":1},"f":{"0":1,"1":1,"2":0,"3":1,"4":2,"5":1,"6":1},"b":{},"_coverageSchema":"1a1c01bbd47fc00a2c39e90264f33305004495a9","hash":"9b51fe7c1ff2b85027d4c2f1a87833a9e0943f5c"}
}
