TN:
SF:src\controllers\users.controller.js
FN:4,(anonymous_0)
FN:9,(anonymous_1)
FN:19,(anonymous_2)
FN:37,(anonymous_3)
FN:59,(anonymous_4)
FN:94,(anonymous_5)
FN:125,(anonymous_6)
FN:140,(anonymous_7)
FNF:8
FNH:3
FNDA:1,(anonymous_0)
FNDA:2,(anonymous_1)
FNDA:1,(anonymous_2)
FNDA:0,(anonymous_3)
FNDA:0,(anonymous_4)
FNDA:0,(anonymous_5)
FNDA:0,(anonymous_6)
FNDA:0,(anonymous_7)
DA:5,1
DA:9,1
DA:10,2
DA:11,2
DA:13,2
DA:14,1
DA:17,1
DA:19,1
DA:20,1
DA:21,1
DA:22,0
DA:23,0
DA:25,1
DA:29,1
DA:30,1
DA:32,0
DA:37,1
DA:38,0
DA:39,0
DA:41,0
DA:42,0
DA:45,0
DA:46,0
DA:49,0
DA:50,0
DA:52,0
DA:54,0
DA:59,1
DA:60,0
DA:61,0
DA:63,0
DA:64,0
DA:67,0
DA:68,0
DA:73,0
DA:74,0
DA:79,0
DA:80,0
DA:85,0
DA:86,0
DA:87,0
DA:89,0
DA:94,1
DA:95,0
DA:96,0
DA:98,0
DA:99,0
DA:102,0
DA:103,0
DA:104,0
DA:106,0
DA:107,0
DA:112,0
DA:113,0
DA:120,0
DA:125,1
DA:126,0
DA:127,0
DA:129,0
DA:131,0
DA:132,0
DA:133,0
DA:135,0
DA:140,1
DA:141,0
DA:142,0
DA:144,0
DA:146,0
DA:151,0
LF:69
LH:18
BRDA:13,0,0,1
BRDA:13,0,1,1
BRDA:21,1,0,0
BRDA:21,1,1,1
BRDA:41,2,0,0
BRDA:41,2,1,0
BRDA:45,3,0,0
BRDA:45,3,1,0
BRDA:63,4,0,0
BRDA:63,4,1,0
BRDA:67,5,0,0
BRDA:67,5,1,0
BRDA:67,6,0,0
BRDA:67,6,1,0
BRDA:67,6,2,0
BRDA:67,6,3,0
BRDA:67,6,4,0
BRDA:67,6,5,0
BRDA:73,7,0,0
BRDA:73,7,1,0
BRDA:73,8,0,0
BRDA:73,8,1,0
BRDA:79,9,0,0
BRDA:79,9,1,0
BRDA:79,10,0,0
BRDA:79,10,1,0
BRDA:98,11,0,0
BRDA:98,11,1,0
BRDA:98,12,0,0
BRDA:98,12,1,0
BRDA:106,13,0,0
BRDA:106,13,1,0
BRDA:112,14,0,0
BRDA:112,14,1,0
BRF:34
BRH:3
end_of_record
TN:
SF:src\middlewares\auth\auth.middleware.controller.js
FN:4,(anonymous_0)
FN:8,(anonymous_1)
FNF:2
FNH:2
FNDA:1,(anonymous_0)
FNDA:3,(anonymous_1)
DA:5,1
DA:8,1
DA:9,3
DA:11,3
DA:14,3
DA:15,1
DA:19,2
DA:22,2
DA:23,1
DA:24,1
DA:25,1
DA:30,1
DA:31,1
DA:33,1
DA:35,2
DA:36,2
DA:37,2
LF:17
LH:17
BRDA:14,0,0,1
BRDA:14,0,1,2
BRDA:22,1,0,1
BRDA:22,1,1,1
BRF:4
BRH:4
end_of_record
TN:
SF:src\middlewares\auth\auth.middleware.service.js
FN:5,(anonymous_0)
FN:9,(anonymous_1)
FN:41,tokenCheck
FNF:3
FNH:3
FNDA:1,(anonymous_0)
FNDA:3,(anonymous_1)
FNDA:5,tokenCheck
DA:6,1
DA:9,1
DA:10,3
DA:11,3
DA:13,2
DA:16,2
DA:17,1
DA:18,1
DA:19,1
DA:20,1
DA:28,1
DA:31,2
DA:32,2
DA:33,2
DA:34,2
DA:35,2
DA:37,2
DA:42,5
DA:43,5
DA:44,4
LF:20
LH:20
BRDA:16,0,0,1
BRDA:16,0,1,1
BRDA:16,1,0,2
BRDA:16,1,1,2
BRDA:43,2,0,1
BRDA:43,2,1,4
BRF:6
BRH:6
end_of_record
TN:
SF:src\utils\err\err.js
FN:2,(anonymous_0)
FN:9,(anonymous_1)
FN:16,(anonymous_2)
FN:23,(anonymous_3)
FNF:4
FNH:1
FNDA:0,(anonymous_0)
FNDA:0,(anonymous_1)
FNDA:0,(anonymous_2)
FNDA:5,(anonymous_3)
DA:3,0
DA:4,0
DA:10,0
DA:11,0
DA:17,0
DA:18,0
DA:24,5
DA:25,5
LF:8
LH:2
BRF:0
BRH:0
end_of_record
TN:
SF:src\utils\nodemailer\email.js
FNF:0
FNH:0
DA:3,1
DA:25,1
LF:2
LH:2
BRF:0
BRH:0
end_of_record
